<?xml version="1.0" encoding="UTF-8"?>
<testng-results ignored="0" total="1" passed="1" failed="0" skipped="0">
  <reporter-output>
  </reporter-output>
  <suite started-at="2023-11-21T14:44:32 EET" name="TestOne" finished-at="2023-11-21T14:44:32 EET" duration-ms="58">
    <groups>
    </groups>
    <test started-at="2023-11-21T14:44:32 EET" name="Command line test" finished-at="2023-11-21T14:44:32 EET" duration-ms="58">
      <class name="TestOne">
        <test-method signature="doit()[pri:0, instance:TestOne@2aa5fe93]" started-at="2023-11-21T14:44:32 EET" name="doit" finished-at="2023-11-21T14:44:32 EET" duration-ms="6" status="PASS">
          <reporter-output>
          </reporter-output>
        </test-method> <!-- doit -->
      </class> <!-- TestOne -->
    </test> <!-- Command line test -->
  </suite> <!-- TestOne -->
</testng-results>
